Using pre-set license
Built from '2022.3/staging' branch; Version is '2022.3.22f1 (887be4894c44) revision 8944612'; Using compiler version '192829333'; Build Type 'Release'
OS: 'Windows 10  (10.0.19045) 64bit Core' Language: 'ru' Physical Memory: 16308 MB
BatchMode: 1, IsHumanControllingUs: 0, StartBugReporterOnCrash: 0, Is64bit: 1, IsPro: 1

COMMAND LINE ARGUMENTS:
C:\Program Files\Unity\Hub\Editor\2022.3.22f1\Editor\Unity.exe
-adb2
-batchMode
-noUpm
-name
AssetImportWorker4
-projectPath
F:/Dragon Picker
-logFile
Logs/AssetImportWorker4.log
-srvPort
51968
Successfully changed project path to: F:/Dragon Picker
F:/Dragon Picker
[UnityMemory] Configuration Parameters - Can be set up in boot.config
    "memorysetup-bucket-allocator-granularity=16"
    "memorysetup-bucket-allocator-bucket-count=8"
    "memorysetup-bucket-allocator-block-size=33554432"
    "memorysetup-bucket-allocator-block-count=8"
    "memorysetup-main-allocator-block-size=16777216"
    "memorysetup-thread-allocator-block-size=16777216"
    "memorysetup-gfx-main-allocator-block-size=16777216"
    "memorysetup-gfx-thread-allocator-block-size=16777216"
    "memorysetup-cache-allocator-block-size=4194304"
    "memorysetup-typetree-allocator-block-size=2097152"
    "memorysetup-profiler-bucket-allocator-granularity=16"
    "memorysetup-profiler-bucket-allocator-bucket-count=8"
    "memorysetup-profiler-bucket-allocator-block-size=33554432"
    "memorysetup-profiler-bucket-allocator-block-count=8"
    "memorysetup-profiler-allocator-block-size=16777216"
    "memorysetup-profiler-editor-allocator-block-size=1048576"
    "memorysetup-temp-allocator-size-main=16777216"
    "memorysetup-job-temp-allocator-block-size=2097152"
    "memorysetup-job-temp-allocator-block-size-background=1048576"
    "memorysetup-job-temp-allocator-reduction-small-platforms=262144"
    "memorysetup-allocator-temp-initial-block-size-main=262144"
    "memorysetup-allocator-temp-initial-block-size-worker=262144"
    "memorysetup-temp-allocator-size-background-worker=32768"
    "memorysetup-temp-allocator-size-job-worker=262144"
    "memorysetup-temp-allocator-size-preload-manager=33554432"
    "memorysetup-temp-allocator-size-nav-mesh-worker=65536"
    "memorysetup-temp-allocator-size-audio-worker=65536"
    "memorysetup-temp-allocator-size-cloud-worker=32768"
    "memorysetup-temp-allocator-size-gi-baking-worker=262144"
    "memorysetup-temp-allocator-size-gfx=262144"
Player connection [21544] Host "[IP] 192.168.1.142 [Port] 0 [Flags] 2 [Guid] 3954335041 [EditorId] 3954335041 [Version] 1048832 [Id] WindowsEditor(7,DESKTOP-DM9R884) [Debug] 1 [PackageName] WindowsEditor [ProjectName] Editor" joined multi-casting on [225.0.0.222:54997]...

Player connection [21544] Host "[IP] 192.168.1.142 [Port] 0 [Flags] 2 [Guid] 3954335041 [EditorId] 3954335041 [Version] 1048832 [Id] WindowsEditor(7,DESKTOP-DM9R884) [Debug] 1 [PackageName] WindowsEditor [ProjectName] Editor" joined alternative multi-casting on [225.0.0.222:34997]...

[Physics::Module] Initialized MultithreadedJobDispatcher with 11 workers.
Refreshing native plugins compatible for Editor in 7.54 ms, found 3 plugins.
Preloading 0 native plugins for Editor in 0.00 ms.
Initialize engine version: 2022.3.22f1 (887be4894c44)
[Subsystems] Discovering subsystems at path C:/Program Files/Unity/Hub/Editor/2022.3.22f1/Editor/Data/Resources/UnitySubsystems
[Subsystems] Discovering subsystems at path F:/Dragon Picker/Assets
GfxDevice: creating device client; threaded=0; jobified=0
Direct3D:
    Version:  Direct3D 11.0 [level 11.1]
    Renderer: AMD Radeon RX 6600 (ID=0x73ff)
    Vendor:   ATI
    VRAM:     8146 MB
    Driver:   31.0.24033.1003
Shader 'Custom/AdditiveTintable': fallback shader 'Particles/Additive (Soft)' not found
Initialize mono
Mono path[0] = 'C:/Program Files/Unity/Hub/Editor/2022.3.22f1/Editor/Data/Managed'
Mono path[1] = 'C:/Program Files/Unity/Hub/Editor/2022.3.22f1/Editor/Data/MonoBleedingEdge/lib/mono/unityjit-win32'
Mono config path = 'C:/Program Files/Unity/Hub/Editor/2022.3.22f1/Editor/Data/MonoBleedingEdge/etc'
Using monoOptions --debugger-agent=transport=dt_socket,embedding=1,server=y,suspend=n,address=127.0.0.1:56984
Begin MonoManager ReloadAssembly
Registering precompiled unity dll's ...
Register platform support module: C:/Program Files/Unity/Hub/Editor/2022.3.22f1/Editor/Data/PlaybackEngines/WebGLSupport/UnityEditor.WebGL.Extensions.dll
Register platform support module: C:/Program Files/Unity/Hub/Editor/2022.3.22f1/Editor/Data/PlaybackEngines/WindowsStandaloneSupport/UnityEditor.WindowsStandalone.Extensions.dll
Register platform support module: C:/Program Files/Unity/Hub/Editor/2022.3.22f1/Editor/Data/PlaybackEngines/MetroSupport/UnityEditor.UWP.Extensions.dll
Registered in 0.009343 seconds.
- Loaded All Assemblies, in  0.260 seconds
Native extension for UWP target not found
Native extension for WindowsStandalone target not found
Native extension for WebGL target not found
Mono: successfully reloaded assembly
- Finished resetting the current domain, in  0.203 seconds
Domain Reload Profiling: 461ms
	BeginReloadAssembly (80ms)
		ExecutionOrderSort (0ms)
		DisableScriptedObjects (0ms)
		BackupInstance (0ms)
		ReleaseScriptingObjects (0ms)
		CreateAndSetChildDomain (0ms)
	RebuildCommonClasses (24ms)
	RebuildNativeTypeToScriptingClass (8ms)
	initialDomainReloadingComplete (48ms)
	LoadAllAssembliesAndSetupDomain (99ms)
		LoadAssemblies (79ms)
		RebuildTransferFunctionScriptingTraits (0ms)
		AnalyzeDomain (97ms)
			TypeCache.Refresh (96ms)
				TypeCache.ScanAssembly (86ms)
			ScanForSourceGeneratedMonoScriptInfo (0ms)
			ResolveRequiredComponents (0ms)
	FinalizeReload (203ms)
		ReleaseScriptCaches (0ms)
		RebuildScriptCaches (0ms)
		SetupLoadedEditorAssemblies (162ms)
			LogAssemblyErrors (0ms)
			InitializePlatformSupportModulesInManaged (10ms)
			SetLoadedEditorAssemblies (4ms)
			RefreshPlugins (0ms)
			BeforeProcessingInitializeOnLoad (2ms)
			ProcessInitializeOnLoadAttributes (112ms)
			ProcessInitializeOnLoadMethodAttributes (34ms)
			AfterProcessingInitializeOnLoad (0ms)
			EditorAssembliesLoaded (0ms)
		ExecutionOrderSort2 (0ms)
		AwakeInstancesAfterBackupRestoration (0ms)
========================================================================
Worker process is ready to serve import requests
Begin MonoManager ReloadAssembly
- Loaded All Assemblies, in  0.449 seconds
Refreshing native plugins compatible for Editor in 3.50 ms, found 3 plugins.
Native extension for UWP target not found
Native extension for WindowsStandalone target not found
Native extension for WebGL target not found
Package Manager log level set to [2]
[Package Manager] Server::EnsureServerProcessIsRunning -- launch failed, reason: Unity was launched with the -noUpm command-line argument
[Package Manager] UpmClient::Send -- Unable to send message (not connected to UPM process).
[Package Manager] Cannot connect to Unity Package Manager local server
Mono: successfully reloaded assembly
- Finished resetting the current domain, in  0.530 seconds
Domain Reload Profiling: 977ms
	BeginReloadAssembly (110ms)
		ExecutionOrderSort (0ms)
		DisableScriptedObjects (4ms)
		BackupInstance (0ms)
		ReleaseScriptingObjects (0ms)
		CreateAndSetChildDomain (17ms)
	RebuildCommonClasses (23ms)
	RebuildNativeTypeToScriptingClass (8ms)
	initialDomainReloadingComplete (32ms)
	LoadAllAssembliesAndSetupDomain (274ms)
		LoadAssemblies (213ms)
		RebuildTransferFunctionScriptingTraits (0ms)
		AnalyzeDomain (125ms)
			TypeCache.Refresh (108ms)
				TypeCache.ScanAssembly (98ms)
			ScanForSourceGeneratedMonoScriptInfo (11ms)
			ResolveRequiredComponents (5ms)
	FinalizeReload (530ms)
		ReleaseScriptCaches (0ms)
		RebuildScriptCaches (0ms)
		SetupLoadedEditorAssemblies (423ms)
			LogAssemblyErrors (0ms)
			InitializePlatformSupportModulesInManaged (7ms)
			SetLoadedEditorAssemblies (3ms)
			RefreshPlugins (0ms)
			BeforeProcessingInitializeOnLoad (44ms)
			ProcessInitializeOnLoadAttributes (348ms)
			ProcessInitializeOnLoadMethodAttributes (14ms)
			AfterProcessingInitializeOnLoad (6ms)
			EditorAssembliesLoaded (0ms)
		ExecutionOrderSort2 (0ms)
		AwakeInstancesAfterBackupRestoration (4ms)
Shader 'Custom/AdditiveTintable': fallback shader 'Particles/Additive (Soft)' not found
Launched and connected shader compiler UnityShaderCompiler.exe after 0.03 seconds
Refreshing native plugins compatible for Editor in 3.45 ms, found 3 plugins.
Preloading 0 native plugins for Editor in 0.00 ms.
Unloading 3234 Unused Serialized files (Serialized files now loaded: 0)
Unloading 42 unused Assets / (62.1 KB). Loaded Objects now: 3695.
Memory consumption went from 129.7 MB to 129.7 MB.
Total: 2.680100 ms (FindLiveObjects: 0.178300 ms CreateObjectMapping: 0.086000 ms MarkObjects: 2.320900 ms  DeleteObjects: 0.094300 ms)

AssetImportParameters requested are different than current active one (requested -> active):
  custom:container-demuxer-ogg: 62fdf1f143b41e24485cea50d1cbac27 -> 
  custom:video-decoder-ogg-theora: a1e56fd34408186e4bbccfd4996cb3dc -> 
  custom:framework-win-MediaFoundation: 216162199b28c13a410421893ffa2e32 -> 
  custom:scripting/monoscript/fileName/Bomb.cs: bfd944eb6528774f7c1cc3d00ac64a63 -> 62fbfe76f5286165743d61555377be05
  custom:CustomObjectIndexerAttribute: 9a22284fe3817be447336de3de66b15e -> 
  custom:container-demuxer-webm: 4f35f7cbe854078d1ac9338744f61a02 -> 
  custom:container-muxer-webm: aa71ff27fc2769a1b78a27578f13a17b -> 
  custom:video-decoder-webm-vp8: 9c59270c3fd7afecdb556c50c9e8de78 -> 
  custom:SearchIndexIgnoredProperties: e643bd26f0fe6173181afceb89e7c659 -> 
  custom:AudioImporter_EditorPlatform: d09bf68614088b80899f8185d706f6e7 -> 
  custom:video-encoder-webm-vp8: eb34c28f22e8b96e1ab97ce403110664 -> 
  custom:audio-decoder-ogg-vorbis: bf7c407c2cedff20999df2af8eb42d56 -> 
  custom:audio-encoder-webm-vorbis: bf7c407c2cedff20999df2af8eb42d56 -> 
========================================================================
Received Prepare
Begin MonoManager ReloadAssembly
- Loaded All Assemblies, in  0.396 seconds
Refreshing native plugins compatible for Editor in 3.69 ms, found 3 plugins.
Native extension for UWP target not found
Native extension for WindowsStandalone target not found
Native extension for WebGL target not found
[Package Manager] Server::EnsureServerProcessIsRunning -- launch failed, reason: Unity was launched with the -noUpm command-line argument
[Package Manager] UpmClient::Send -- Unable to send message (not connected to UPM process).
[Package Manager] Cannot connect to Unity Package Manager local server
Mono: successfully reloaded assembly
- Finished resetting the current domain, in  0.893 seconds
Domain Reload Profiling: 1287ms
	BeginReloadAssembly (147ms)
		ExecutionOrderSort (0ms)
		DisableScriptedObjects (4ms)
		BackupInstance (0ms)
		ReleaseScriptingObjects (0ms)
		CreateAndSetChildDomain (35ms)
	RebuildCommonClasses (32ms)
	RebuildNativeTypeToScriptingClass (13ms)
	initialDomainReloadingComplete (24ms)
	LoadAllAssembliesAndSetupDomain (178ms)
		LoadAssemblies (236ms)
		RebuildTransferFunctionScriptingTraits (0ms)
		AnalyzeDomain (22ms)
			TypeCache.Refresh (8ms)
				TypeCache.ScanAssembly (1ms)
			ScanForSourceGeneratedMonoScriptInfo (7ms)
			ResolveRequiredComponents (6ms)
	FinalizeReload (893ms)
		ReleaseScriptCaches (0ms)
		RebuildScriptCaches (0ms)
		SetupLoadedEditorAssemblies (450ms)
			LogAssemblyErrors (0ms)
			InitializePlatformSupportModulesInManaged (7ms)
			SetLoadedEditorAssemblies (4ms)
			RefreshPlugins (0ms)
			BeforeProcessingInitializeOnLoad (50ms)
			ProcessInitializeOnLoadAttributes (368ms)
			ProcessInitializeOnLoadMethodAttributes (14ms)
			AfterProcessingInitializeOnLoad (7ms)
			EditorAssembliesLoaded (0ms)
		ExecutionOrderSort2 (0ms)
		AwakeInstancesAfterBackupRestoration (5ms)
Shader 'Custom/AdditiveTintable': fallback shader 'Particles/Additive (Soft)' not found
Refreshing native plugins compatible for Editor in 3.40 ms, found 3 plugins.
Preloading 0 native plugins for Editor in 0.00 ms.
Unloading 3212 Unused Serialized files (Serialized files now loaded: 0)
Unloading 34 unused Assets / (36.4 KB). Loaded Objects now: 3697.
Memory consumption went from 127.3 MB to 127.3 MB.
Total: 2.753500 ms (FindLiveObjects: 0.217900 ms CreateObjectMapping: 0.086000 ms MarkObjects: 2.384500 ms  DeleteObjects: 0.064300 ms)

Prepare: number of updated asset objects reloaded= 0
AssetImportParameters requested are different than current active one (requested -> active):
  custom:container-demuxer-ogg: 62fdf1f143b41e24485cea50d1cbac27 -> 
  custom:video-decoder-ogg-theora: a1e56fd34408186e4bbccfd4996cb3dc -> 
  custom:framework-win-MediaFoundation: 216162199b28c13a410421893ffa2e32 -> 
  custom:scripting/monoscript/fileName/Bomb.cs: bfd944eb6528774f7c1cc3d00ac64a63 -> 62fbfe76f5286165743d61555377be05
  custom:CustomObjectIndexerAttribute: 9a22284fe3817be447336de3de66b15e -> 
  custom:container-demuxer-webm: 4f35f7cbe854078d1ac9338744f61a02 -> 
  custom:container-muxer-webm: aa71ff27fc2769a1b78a27578f13a17b -> 
  custom:video-decoder-webm-vp8: 9c59270c3fd7afecdb556c50c9e8de78 -> 
  custom:SearchIndexIgnoredProperties: e643bd26f0fe6173181afceb89e7c659 -> 
  custom:AudioImporter_EditorPlatform: d09bf68614088b80899f8185d706f6e7 -> 
  custom:video-encoder-webm-vp8: eb34c28f22e8b96e1ab97ce403110664 -> 
  custom:audio-decoder-ogg-vorbis: bf7c407c2cedff20999df2af8eb42d56 -> 
  custom:audio-encoder-webm-vorbis: bf7c407c2cedff20999df2af8eb42d56 -> 
========================================================================
Received Import Request.
  Time since last request: 44413.485396 seconds.
  path: Assets/_Textures/Skybox
  artifactKey: Guid(fa548e7cac28abf4495e909965a7fb52) Importer(815301076,1909f56bfc062723c751e8b465ee728b)
Start importing Assets/_Textures/Skybox using Guid(fa548e7cac28abf4495e909965a7fb52) Importer(815301076,1909f56bfc062723c751e8b465ee728b)  -> (artifact id: 'a63822ae9707723016e8de50ccacfe84') in 0.002352 seconds
Number of updated asset objects reloaded before import = 0
Number of asset objects unloaded after import = 0
========================================================================
Received Import Request.
  Time since last request: 0.032738 seconds.
  path: Assets/_Textures/Skybox/Free_skybox.mat
  artifactKey: Guid(4468cf691a0d9e74183ca9beb3c7c990) Importer(815301076,1909f56bfc062723c751e8b465ee728b)
Start importing Assets/_Textures/Skybox/Free_skybox.mat using Guid(4468cf691a0d9e74183ca9beb3c7c990) Importer(815301076,1909f56bfc062723c751e8b465ee728b)  -> (artifact id: '7ad54cb3add8b112b421774c3d66837f') in 0.081503 seconds
Number of updated asset objects reloaded before import = 0
Number of asset objects unloaded after import = 7
========================================================================
Received Import Request.
  Time since last request: 198.615986 seconds.
  path: Assets/_Textures/Skybox/Free_skybox.mat
  artifactKey: Guid(4468cf691a0d9e74183ca9beb3c7c990) Importer(815301076,1909f56bfc062723c751e8b465ee728b)
Start importing Assets/_Textures/Skybox/Free_skybox.mat using Guid(4468cf691a0d9e74183ca9beb3c7c990) Importer(815301076,1909f56bfc062723c751e8b465ee728b)  -> (artifact id: 'f7e39c0babdee0ec732d6aa856d18e45') in 0.015336 seconds
Number of updated asset objects reloaded before import = 0
Number of asset objects unloaded after import = 7
========================================================================
Received Import Request.
  Time since last request: 0.000015 seconds.
  path: Assets/_Textures/Skybox/skybox_right.psd
  artifactKey: Guid(76cfeb5d9a2650144902a599ec509800) Importer(815301076,1909f56bfc062723c751e8b465ee728b)
Start importing Assets/_Textures/Skybox/skybox_right.psd using Guid(76cfeb5d9a2650144902a599ec509800) Importer(815301076,1909f56bfc062723c751e8b465ee728b)  -> (artifact id: 'add8c9995dc6fb3d890783552b783c4b') in 0.022437 seconds
Number of updated asset objects reloaded before import = 0
Number of asset objects unloaded after import = 2
========================================================================
Received Import Request.
  Time since last request: 0.000016 seconds.
  path: Assets/_Textures/Skybox/skybox_up.psd
  artifactKey: Guid(a6202455a7a564340b2dd1deb92aaa75) Importer(815301076,1909f56bfc062723c751e8b465ee728b)
Start importing Assets/_Textures/Skybox/skybox_up.psd using Guid(a6202455a7a564340b2dd1deb92aaa75) Importer(815301076,1909f56bfc062723c751e8b465ee728b)  -> (artifact id: '4655cb3fe47029b3a285b10d6807a3dd') in 0.009393 seconds
Number of updated asset objects reloaded before import = 0
Number of asset objects unloaded after import = 2
========================================================================
Received Import Request.
  Time since last request: 44.945341 seconds.
  path: Assets/Snow_mountain/snow_mountain
  artifactKey: Guid(cbf3af8621399fc4797d664d3ef0f2f2) Importer(815301076,1909f56bfc062723c751e8b465ee728b)
Start importing Assets/Snow_mountain/snow_mountain using Guid(cbf3af8621399fc4797d664d3ef0f2f2) Importer(815301076,1909f56bfc062723c751e8b465ee728b)  -> (artifact id: 'e5344ff2c6efe02ca5cc96a5ebecc7d5') in 0.000373 seconds
Number of updated asset objects reloaded before import = 0
Number of asset objects unloaded after import = 0
========================================================================
Received Import Request.
  Time since last request: 0.802797 seconds.
  path: Assets/Snow_mountain/snow_mountain/Snow_mountain.FBX
  artifactKey: Guid(41dc84019e9376b46908ba7afdd1d15e) Importer(815301076,1909f56bfc062723c751e8b465ee728b)
Start importing Assets/Snow_mountain/snow_mountain/Snow_mountain.FBX using Guid(41dc84019e9376b46908ba7afdd1d15e) Importer(815301076,1909f56bfc062723c751e8b465ee728b)  -> (artifact id: '9a3f58df16dbeeece39a0557ae271408') in 0.155791 seconds
Number of updated asset objects reloaded before import = 0
Number of asset objects unloaded after import = 10
========================================================================
Received Import Request.
  Time since last request: 3.664171 seconds.
  path: Assets/Snow_mountain/Skybox/skybox.mat
  artifactKey: Guid(0ff3aa777f2ccae4dbada9366130d56b) Importer(815301076,1909f56bfc062723c751e8b465ee728b)
Start importing Assets/Snow_mountain/Skybox/skybox.mat using Guid(0ff3aa777f2ccae4dbada9366130d56b) Importer(815301076,1909f56bfc062723c751e8b465ee728b)  -> (artifact id: '19186340e407910fdbb815bc4bbfd29e') in 0.014126 seconds
Number of updated asset objects reloaded before import = 0
Number of asset objects unloaded after import = 7
========================================================================
Received Import Request.
  Time since last request: 4.455760 seconds.
  path: Assets/Snow_mountain/Skybox
  artifactKey: Guid(d5f20f382393d7746ba11ebe64619a7d) Importer(815301076,1909f56bfc062723c751e8b465ee728b)
Start importing Assets/Snow_mountain/Skybox using Guid(d5f20f382393d7746ba11ebe64619a7d) Importer(815301076,1909f56bfc062723c751e8b465ee728b)  -> (artifact id: '4abd22c63d5146954d5916fa3c30efce') in 0.000369 seconds
Number of updated asset objects reloaded before import = 0
Number of asset objects unloaded after import = 0
========================================================================
Received Import Request.
  Time since last request: 320.797469 seconds.
  path: Assets/Cope! Free Skybox Pack/materials
  artifactKey: Guid(96512971e7c4a4c57a962e02cbd7ec51) Importer(815301076,1909f56bfc062723c751e8b465ee728b)
Start importing Assets/Cope! Free Skybox Pack/materials using Guid(96512971e7c4a4c57a962e02cbd7ec51) Importer(815301076,1909f56bfc062723c751e8b465ee728b)  -> (artifact id: 'c3a5fdbabc666c583fe9e1286d986f0e') in 0.000358 seconds
Number of updated asset objects reloaded before import = 0
Number of asset objects unloaded after import = 0
========================================================================
Received Import Request.
  Time since last request: 0.073915 seconds.
  path: Assets/Cope! Free Skybox Pack/materials/forest.mat
  artifactKey: Guid(2eeba5a34e2f1440797d2b0056f3356c) Importer(815301076,1909f56bfc062723c751e8b465ee728b)
Start importing Assets/Cope! Free Skybox Pack/materials/forest.mat using Guid(2eeba5a34e2f1440797d2b0056f3356c) Importer(815301076,1909f56bfc062723c751e8b465ee728b)  -> (artifact id: 'ce8256c68c915db0e59410778050ea0b') in 0.013126 seconds
Number of updated asset objects reloaded before import = 0
Number of asset objects unloaded after import = 7
========================================================================
Received Import Request.
  Time since last request: 0.000015 seconds.
  path: Assets/Cope! Free Skybox Pack/materials/sunset.mat
  artifactKey: Guid(ff330f6226d1d44838ee63a8824f8def) Importer(815301076,1909f56bfc062723c751e8b465ee728b)
Start importing Assets/Cope! Free Skybox Pack/materials/sunset.mat using Guid(ff330f6226d1d44838ee63a8824f8def) Importer(815301076,1909f56bfc062723c751e8b465ee728b)  -> (artifact id: '0eec90ffdbae91957cf1aaff329963e1') in 0.018706 seconds
Number of updated asset objects reloaded before import = 0
Number of asset objects unloaded after import = 7
========================================================================
Received Import Request.
  Time since last request: 1.315389 seconds.
  path: Assets/Cope! Free Skybox Pack/tiff/forest_front.tif
  artifactKey: Guid(7e0a32321537b4ef0855bf0f3d6a79a0) Importer(815301076,1909f56bfc062723c751e8b465ee728b)
Start importing Assets/Cope! Free Skybox Pack/tiff/forest_front.tif using Guid(7e0a32321537b4ef0855bf0f3d6a79a0) Importer(815301076,1909f56bfc062723c751e8b465ee728b)  -> (artifact id: 'd964c9864d90eb1c084e2b1043df3b2f') in 0.011764 seconds
Number of updated asset objects reloaded before import = 0
Number of asset objects unloaded after import = 2
========================================================================
Received Import Request.
  Time since last request: 0.000017 seconds.
  path: Assets/Cope! Free Skybox Pack/tiff/forest_down.tif
  artifactKey: Guid(f90b2dd8f0b804ae0a0eb16c9c4c854c) Importer(815301076,1909f56bfc062723c751e8b465ee728b)
Start importing Assets/Cope! Free Skybox Pack/tiff/forest_down.tif using Guid(f90b2dd8f0b804ae0a0eb16c9c4c854c) Importer(815301076,1909f56bfc062723c751e8b465ee728b)  -> (artifact id: '3546c77a0eb734bff1921b2e55ba3d5a') in 0.012491 seconds
Number of updated asset objects reloaded before import = 0
Number of asset objects unloaded after import = 2
========================================================================
Received Import Request.
  Time since last request: 0.000017 seconds.
  path: Assets/Cope! Free Skybox Pack/tiff/forest_left.tif
  artifactKey: Guid(ace2a32eabe9d471d8312e991a04be85) Importer(815301076,1909f56bfc062723c751e8b465ee728b)
Start importing Assets/Cope! Free Skybox Pack/tiff/forest_left.tif using Guid(ace2a32eabe9d471d8312e991a04be85) Importer(815301076,1909f56bfc062723c751e8b465ee728b)  -> (artifact id: 'aa7de0d59d2fd09e924d46e5d7e8d375') in 0.009814 seconds
Number of updated asset objects reloaded before import = 0
Number of asset objects unloaded after import = 2
========================================================================
Received Import Request.
  Time since last request: 0.000016 seconds.
  path: Assets/Cope! Free Skybox Pack/tiff/forest_right.tif
  artifactKey: Guid(13c46ed750b25408288378de8b2314ed) Importer(815301076,1909f56bfc062723c751e8b465ee728b)
Start importing Assets/Cope! Free Skybox Pack/tiff/forest_right.tif using Guid(13c46ed750b25408288378de8b2314ed) Importer(815301076,1909f56bfc062723c751e8b465ee728b)  -> (artifact id: '05b776a3ab55c99ca13a3eeba40268b4') in 0.010620 seconds
Number of updated asset objects reloaded before import = 0
Number of asset objects unloaded after import = 2
========================================================================
Received Import Request.
  Time since last request: 1.495320 seconds.
  path: Assets/Cope! Free Skybox Pack/tiff/mossymountains_front.tif
  artifactKey: Guid(16c52a4a4048644eebe1435c28a562eb) Importer(815301076,1909f56bfc062723c751e8b465ee728b)
Start importing Assets/Cope! Free Skybox Pack/tiff/mossymountains_front.tif using Guid(16c52a4a4048644eebe1435c28a562eb) Importer(815301076,1909f56bfc062723c751e8b465ee728b)  -> (artifact id: '7625bfb02fe49f3452fef8fabd997099') in 0.010471 seconds
Number of updated asset objects reloaded before import = 0
Number of asset objects unloaded after import = 2
========================================================================
Received Import Request.
  Time since last request: 0.000017 seconds.
  path: Assets/Cope! Free Skybox Pack/tiff/mossymountains_left.tif
  artifactKey: Guid(6a6d1ab5e83aa40b6b93051ef03a140c) Importer(815301076,1909f56bfc062723c751e8b465ee728b)
Start importing Assets/Cope! Free Skybox Pack/tiff/mossymountains_left.tif using Guid(6a6d1ab5e83aa40b6b93051ef03a140c) Importer(815301076,1909f56bfc062723c751e8b465ee728b)  -> (artifact id: 'e9c611c0c08ae12c4daaa2be12c4e29c') in 0.010239 seconds
Number of updated asset objects reloaded before import = 0
Number of asset objects unloaded after import = 2
========================================================================
Received Import Request.
  Time since last request: 0.000018 seconds.
  path: Assets/Cope! Free Skybox Pack/tiff/mossymountains_up.tif
  artifactKey: Guid(cd5eee3359ef342d9b509c4ed76bf9c7) Importer(815301076,1909f56bfc062723c751e8b465ee728b)
Start importing Assets/Cope! Free Skybox Pack/tiff/mossymountains_up.tif using Guid(cd5eee3359ef342d9b509c4ed76bf9c7) Importer(815301076,1909f56bfc062723c751e8b465ee728b)  -> (artifact id: '5871b40281e524a676ff885cc3393cad') in 0.010610 seconds
Number of updated asset objects reloaded before import = 0
Number of asset objects unloaded after import = 2
========================================================================
Received Import Request.
  Time since last request: 17.941016 seconds.
  path: Assets/Cope! Free Skybox Pack/tiff/sunset_back.tif
  artifactKey: Guid(ed74be8be1ad644718bc72ffa016b665) Importer(815301076,1909f56bfc062723c751e8b465ee728b)
Start importing Assets/Cope! Free Skybox Pack/tiff/sunset_back.tif using Guid(ed74be8be1ad644718bc72ffa016b665) Importer(815301076,1909f56bfc062723c751e8b465ee728b)  -> (artifact id: '7d3b05b76ef20d658ee02a242c08e17e') in 0.011155 seconds
Number of updated asset objects reloaded before import = 0
Number of asset objects unloaded after import = 2
========================================================================
Received Import Request.
  Time since last request: 0.000013 seconds.
  path: Assets/Cope! Free Skybox Pack/tiff/sunset_left.tif
  artifactKey: Guid(0f4ba3066d50e484e8b1701080fb761c) Importer(815301076,1909f56bfc062723c751e8b465ee728b)
Start importing Assets/Cope! Free Skybox Pack/tiff/sunset_left.tif using Guid(0f4ba3066d50e484e8b1701080fb761c) Importer(815301076,1909f56bfc062723c751e8b465ee728b)  -> (artifact id: '43368b338a9095b48491e3cb1e2977ee') in 0.009031 seconds
Number of updated asset objects reloaded before import = 0
Number of asset objects unloaded after import = 2
========================================================================
Received Import Request.
  Time since last request: 0.000015 seconds.
  path: Assets/Cope! Free Skybox Pack/tiff/sunset_right.tif
  artifactKey: Guid(f6da010f57b394aab8e09c807471fb27) Importer(815301076,1909f56bfc062723c751e8b465ee728b)
Start importing Assets/Cope! Free Skybox Pack/tiff/sunset_right.tif using Guid(f6da010f57b394aab8e09c807471fb27) Importer(815301076,1909f56bfc062723c751e8b465ee728b)  -> (artifact id: 'f0e4261f3fbb095b7784d7130389d2e8') in 0.010422 seconds
Number of updated asset objects reloaded before import = 0
Number of asset objects unloaded after import = 2
========================================================================
Received Prepare
Begin MonoManager ReloadAssembly
- Loaded All Assemblies, in  0.329 seconds
Refreshing native plugins compatible for Editor in 3.69 ms, found 3 plugins.
Native extension for UWP target not found
Native extension for WindowsStandalone target not found
Native extension for WebGL target not found
[Package Manager] Server::EnsureServerProcessIsRunning -- launch failed, reason: Unity was launched with the -noUpm command-line argument
[Package Manager] UpmClient::Send -- Unable to send message (not connected to UPM process).
[Package Manager] Cannot connect to Unity Package Manager local server
Mono: successfully reloaded assembly
- Finished resetting the current domain, in  0.846 seconds
Domain Reload Profiling: 1173ms
	BeginReloadAssembly (125ms)
		ExecutionOrderSort (0ms)
		DisableScriptedObjects (3ms)
		BackupInstance (0ms)
		ReleaseScriptingObjects (0ms)
		CreateAndSetChildDomain (30ms)
	RebuildCommonClasses (23ms)
	RebuildNativeTypeToScriptingClass (8ms)
	initialDomainReloadingComplete (23ms)
	LoadAllAssembliesAndSetupDomain (147ms)
		LoadAssemblies (202ms)
		RebuildTransferFunctionScriptingTraits (0ms)
		AnalyzeDomain (11ms)
			TypeCache.Refresh (5ms)
				TypeCache.ScanAssembly (0ms)
			ScanForSourceGeneratedMonoScriptInfo (0ms)
			ResolveRequiredComponents (5ms)
	FinalizeReload (846ms)
		ReleaseScriptCaches (0ms)
		RebuildScriptCaches (0ms)
		SetupLoadedEditorAssemblies (440ms)
			LogAssemblyErrors (0ms)
			InitializePlatformSupportModulesInManaged (7ms)
			SetLoadedEditorAssemblies (3ms)
			RefreshPlugins (0ms)
			BeforeProcessingInitializeOnLoad (45ms)
			ProcessInitializeOnLoadAttributes (357ms)
			ProcessInitializeOnLoadMethodAttributes (19ms)
			AfterProcessingInitializeOnLoad (9ms)
			EditorAssembliesLoaded (0ms)
		ExecutionOrderSort2 (0ms)
		AwakeInstancesAfterBackupRestoration (7ms)
Shader 'Custom/AdditiveTintable': fallback shader 'Particles/Additive (Soft)' not found
Refreshing native plugins compatible for Editor in 5.04 ms, found 3 plugins.
Preloading 0 native plugins for Editor in 0.00 ms.
Unloading 3211 Unused Serialized files (Serialized files now loaded: 0)
Unloading 33 unused Assets / (35.8 KB). Loaded Objects now: 3748.
Memory consumption went from 134.4 MB to 134.4 MB.
Total: 3.223000 ms (FindLiveObjects: 0.300500 ms CreateObjectMapping: 0.094000 ms MarkObjects: 2.772400 ms  DeleteObjects: 0.055400 ms)

Prepare: number of updated asset objects reloaded= 0
AssetImportParameters requested are different than current active one (requested -> active):
  custom:container-demuxer-ogg: 62fdf1f143b41e24485cea50d1cbac27 -> 
  custom:video-decoder-ogg-theora: a1e56fd34408186e4bbccfd4996cb3dc -> 
  custom:framework-win-MediaFoundation: 216162199b28c13a410421893ffa2e32 -> 
  custom:scripting/monoscript/fileName/Bomb.cs: bfd944eb6528774f7c1cc3d00ac64a63 -> 62fbfe76f5286165743d61555377be05
  custom:CustomObjectIndexerAttribute: 9a22284fe3817be447336de3de66b15e -> 
  custom:container-demuxer-webm: 4f35f7cbe854078d1ac9338744f61a02 -> 
  custom:container-muxer-webm: aa71ff27fc2769a1b78a27578f13a17b -> 
  custom:video-decoder-webm-vp8: 9c59270c3fd7afecdb556c50c9e8de78 -> 
  custom:SearchIndexIgnoredProperties: e643bd26f0fe6173181afceb89e7c659 -> 
  custom:AudioImporter_EditorPlatform: d09bf68614088b80899f8185d706f6e7 -> 
  custom:video-encoder-webm-vp8: eb34c28f22e8b96e1ab97ce403110664 -> 
  custom:audio-decoder-ogg-vorbis: bf7c407c2cedff20999df2af8eb42d56 -> 
  custom:audio-encoder-webm-vorbis: bf7c407c2cedff20999df2af8eb42d56 -> 
========================================================================
Received Import Request.
  Time since last request: 1865.231974 seconds.
  path: Assets/Cope! Free Skybox Pack/tiff
  artifactKey: Guid(995e8255ab0c24c528c7953a12709499) Importer(815301076,1909f56bfc062723c751e8b465ee728b)
Start importing Assets/Cope! Free Skybox Pack/tiff using Guid(995e8255ab0c24c528c7953a12709499) Importer(815301076,1909f56bfc062723c751e8b465ee728b)  -> (artifact id: 'ef65e2458b546361807ce89e830792ca') in 0.001581 seconds
Number of updated asset objects reloaded before import = 0
Number of asset objects unloaded after import = 0
========================================================================
Received Import Request.
  Time since last request: 13.994024 seconds.
  path: Assets/Cope! Free Skybox Pack/tiff/pics
  artifactKey: Guid(ccfda3b20f7695f4ba7a006305a5ebc4) Importer(815301076,1909f56bfc062723c751e8b465ee728b)
Start importing Assets/Cope! Free Skybox Pack/tiff/pics using Guid(ccfda3b20f7695f4ba7a006305a5ebc4) Importer(815301076,1909f56bfc062723c751e8b465ee728b)  -> (artifact id: '035eac0df7f35f9fce14d11cfc25d7d1') in 0.000475 seconds
Number of updated asset objects reloaded before import = 0
Number of asset objects unloaded after import = 0
========================================================================
Received Import Request.
  Time since last request: 20.528114 seconds.
  path: Assets/Cope! Free Skybox Pack/tiff/sunset_back 1.tif
  artifactKey: Guid(a167e2feb02c20b4dac117cc916cab50) Importer(815301076,1909f56bfc062723c751e8b465ee728b)
Start importing Assets/Cope! Free Skybox Pack/tiff/sunset_back 1.tif using Guid(a167e2feb02c20b4dac117cc916cab50) Importer(815301076,1909f56bfc062723c751e8b465ee728b)  -> (artifact id: '3b4ec80b16053496b36d94c9103476a4') in 0.033611 seconds
Number of updated asset objects reloaded before import = 0
Number of asset objects unloaded after import = 2
========================================================================
Received Import Request.
  Time since last request: 16.342663 seconds.
  path: Assets/Cope! Free Skybox Pack/tiff/mossymountains_right 1.tif
  artifactKey: Guid(5deb437576745074294c4fe82d918a67) Importer(815301076,1909f56bfc062723c751e8b465ee728b)
Start importing Assets/Cope! Free Skybox Pack/tiff/mossymountains_right 1.tif using Guid(5deb437576745074294c4fe82d918a67) Importer(815301076,1909f56bfc062723c751e8b465ee728b)  -> (artifact id: '3bf487daa857f5446b840a24a24fc23c') in 0.009140 seconds
Number of updated asset objects reloaded before import = 0
Number of asset objects unloaded after import = 2
========================================================================
Received Import Request.
  Time since last request: 31.080177 seconds.
  path: Assets/Cope! Free Skybox Pack/tiff/pics/mossymountains_right 1.tif
  artifactKey: Guid(5deb437576745074294c4fe82d918a67) Importer(815301076,1909f56bfc062723c751e8b465ee728b)
Start importing Assets/Cope! Free Skybox Pack/tiff/pics/mossymountains_right 1.tif using Guid(5deb437576745074294c4fe82d918a67) Importer(815301076,1909f56bfc062723c751e8b465ee728b)  -> (artifact id: '081cc97f958e6da6a92e3a45289db086') in 0.021613 seconds
Number of updated asset objects reloaded before import = 0
Number of asset objects unloaded after import = 3
========================================================================
Received Import Request.
  Time since last request: 194.681748 seconds.
  path: Assets/Cope! Free Skybox Pack/tiff/pics/sunset_back 1.tif
  artifactKey: Guid(a167e2feb02c20b4dac117cc916cab50) Importer(815301076,1909f56bfc062723c751e8b465ee728b)
Start importing Assets/Cope! Free Skybox Pack/tiff/pics/sunset_back 1.tif using Guid(a167e2feb02c20b4dac117cc916cab50) Importer(815301076,1909f56bfc062723c751e8b465ee728b)  -> (artifact id: 'a1ca1fe19b91dca97ffd2d46f5020d3c') in 0.013963 seconds
Number of updated asset objects reloaded before import = 0
Number of asset objects unloaded after import = 3
========================================================================
Received Import Request.
  Time since last request: 286.598753 seconds.
  path: Assets/_Textures/Skybox/skybox_front 1.psd
  artifactKey: Guid(42fab01852691db47a66e3ba8d850407) Importer(815301076,1909f56bfc062723c751e8b465ee728b)
Start importing Assets/_Textures/Skybox/skybox_front 1.psd using Guid(42fab01852691db47a66e3ba8d850407) Importer(815301076,1909f56bfc062723c751e8b465ee728b)  -> (artifact id: '51f942b7781140c7a67055574a3edc3f') in 0.011207 seconds
Number of updated asset objects reloaded before import = 0
Number of asset objects unloaded after import = 2
========================================================================
Received Import Request.
  Time since last request: 8.326082 seconds.
  path: Assets/Cope! Free Skybox Pack/tiff/pics/skybox_front 1.psd
  artifactKey: Guid(42fab01852691db47a66e3ba8d850407) Importer(815301076,1909f56bfc062723c751e8b465ee728b)
Start importing Assets/Cope! Free Skybox Pack/tiff/pics/skybox_front 1.psd using Guid(42fab01852691db47a66e3ba8d850407) Importer(815301076,1909f56bfc062723c751e8b465ee728b)  -> (artifact id: '8723b52bb83649e3baef7d3221ae6c0c') in 0.012357 seconds
Number of updated asset objects reloaded before import = 0
Number of asset objects unloaded after import = 3
========================================================================
Received Import Request.
  Time since last request: 22.456925 seconds.
  path: Assets/_Materials/FireParticleMeteor2Material.mat
  artifactKey: Guid(06bcc524020473946802a42e97a47794) Importer(815301076,1909f56bfc062723c751e8b465ee728b)
Start importing Assets/_Materials/FireParticleMeteor2Material.mat using Guid(06bcc524020473946802a42e97a47794) Importer(815301076,1909f56bfc062723c751e8b465ee728b)  -> (artifact id: '4887b32de1f22934ce3fa549f45fad0a') in 0.036768 seconds
Number of updated asset objects reloaded before import = 0
Number of asset objects unloaded after import = 3
========================================================================
Received Import Request.
  Time since last request: 0.000015 seconds.
  path: Assets/_Materials/RedHP.mat
  artifactKey: Guid(3cf5d93e63ceca94da9ffb40a6ed68ed) Importer(815301076,1909f56bfc062723c751e8b465ee728b)
Start importing Assets/_Materials/RedHP.mat using Guid(3cf5d93e63ceca94da9ffb40a6ed68ed) Importer(815301076,1909f56bfc062723c751e8b465ee728b)  -> (artifact id: '97508e2e3279a2d7f4c668225b2b7fa3') in 0.017900 seconds
Number of updated asset objects reloaded before import = 0
Number of asset objects unloaded after import = 2
========================================================================
Received Import Request.
  Time since last request: 0.000014 seconds.
  path: Assets/_Materials/Free_Mountain.mat
  artifactKey: Guid(5973ab68ded66ee48b3a47063424e995) Importer(815301076,1909f56bfc062723c751e8b465ee728b)
Start importing Assets/_Materials/Free_Mountain.mat using Guid(5973ab68ded66ee48b3a47063424e995) Importer(815301076,1909f56bfc062723c751e8b465ee728b)  -> (artifact id: '031ff39703aad60113af08b0ed828dbd') in 0.013703 seconds
Number of updated asset objects reloaded before import = 0
Number of asset objects unloaded after import = 3
========================================================================
Received Import Request.
  Time since last request: 3.679190 seconds.
  path: Assets/_Textures/Arissa/Arissa_DIFF_diffuse.png
  artifactKey: Guid(2f2fac9d0404d944fa1d698c9ab44479) Importer(815301076,1909f56bfc062723c751e8b465ee728b)
Start importing Assets/_Textures/Arissa/Arissa_DIFF_diffuse.png using Guid(2f2fac9d0404d944fa1d698c9ab44479) Importer(815301076,1909f56bfc062723c751e8b465ee728b)  -> (artifact id: '1c2454dce73e96495558ed31dc2211d5') in 0.010675 seconds
Number of updated asset objects reloaded before import = 0
Number of asset objects unloaded after import = 2
========================================================================
Received Import Request.
  Time since last request: 0.000016 seconds.
  path: Assets/_Textures/Arissa/Arissa_SPEC_specular.png
  artifactKey: Guid(08c50539fbb05df409aa7a75ae9f3eb9) Importer(815301076,1909f56bfc062723c751e8b465ee728b)
Start importing Assets/_Textures/Arissa/Arissa_SPEC_specular.png using Guid(08c50539fbb05df409aa7a75ae9f3eb9) Importer(815301076,1909f56bfc062723c751e8b465ee728b)  -> (artifact id: '8612d338d09baa0dec88b26aa9f0d344') in 0.009114 seconds
Number of updated asset objects reloaded before import = 0
Number of asset objects unloaded after import = 2
========================================================================
Received Import Request.
  Time since last request: 279.466471 seconds.
  path: Assets/_Textures/Skybox123
  artifactKey: Guid(fa548e7cac28abf4495e909965a7fb52) Importer(815301076,1909f56bfc062723c751e8b465ee728b)
Start importing Assets/_Textures/Skybox123 using Guid(fa548e7cac28abf4495e909965a7fb52) Importer(815301076,1909f56bfc062723c751e8b465ee728b)  -> (artifact id: '529bef748af831d64229c0ad581730ff') in 0.000391 seconds
Number of updated asset objects reloaded before import = 0
Number of asset objects unloaded after import = 0
========================================================================
Received Import Request.
  Time since last request: 34.965690 seconds.
  path: Assets/_Textures/diff.psd
  artifactKey: Guid(ea21e7249d2de19448ef7795ee426588) Importer(815301076,1909f56bfc062723c751e8b465ee728b)
Start importing Assets/_Textures/diff.psd using Guid(ea21e7249d2de19448ef7795ee426588) Importer(815301076,1909f56bfc062723c751e8b465ee728b)  -> (artifact id: 'fbec0621fb8b09cb30b3b6c171d4c997') in 0.011722 seconds
Number of updated asset objects reloaded before import = 0
Number of asset objects unloaded after import = 2
========================================================================
Received Import Request.
  Time since last request: 3.367297 seconds.
  path: Assets/_Textures/Skybox123/Free_skybox.mat
  artifactKey: Guid(4468cf691a0d9e74183ca9beb3c7c990) Importer(815301076,1909f56bfc062723c751e8b465ee728b)
Start importing Assets/_Textures/Skybox123/Free_skybox.mat using Guid(4468cf691a0d9e74183ca9beb3c7c990) Importer(815301076,1909f56bfc062723c751e8b465ee728b)  -> (artifact id: 'a807df1b360f66d86daf00cfd10f5a60') in 0.014420 seconds
Number of updated asset objects reloaded before import = 0
Number of asset objects unloaded after import = 7
========================================================================
Received Import Request.
  Time since last request: 0.000015 seconds.
  path: Assets/_Textures/Skybox123/skybox_right.psd
  artifactKey: Guid(76cfeb5d9a2650144902a599ec509800) Importer(815301076,1909f56bfc062723c751e8b465ee728b)
Start importing Assets/_Textures/Skybox123/skybox_right.psd using Guid(76cfeb5d9a2650144902a599ec509800) Importer(815301076,1909f56bfc062723c751e8b465ee728b)  -> (artifact id: '0c4519003dfff585dcdc67db2011bcd5') in 0.009817 seconds
Number of updated asset objects reloaded before import = 0
Number of asset objects unloaded after import = 2
========================================================================
Received Import Request.
  Time since last request: 0.000016 seconds.
  path: Assets/_Textures/Skybox123/skybox_left.psd
  artifactKey: Guid(f6f3a44b2b12e9a45bc02ff2350c2873) Importer(815301076,1909f56bfc062723c751e8b465ee728b)
Start importing Assets/_Textures/Skybox123/skybox_left.psd using Guid(f6f3a44b2b12e9a45bc02ff2350c2873) Importer(815301076,1909f56bfc062723c751e8b465ee728b)  -> (artifact id: '830346cf5bff24d1f9efbf7643de3b4a') in 0.009300 seconds
Number of updated asset objects reloaded before import = 0
Number of asset objects unloaded after import = 2
========================================================================
Received Import Request.
  Time since last request: 15.652376 seconds.
  path: Assets/_Textures/Skybox123/skybox_front 1.psd
  artifactKey: Guid(5247eccf4202e3c40bdaa5cb3e551383) Importer(815301076,1909f56bfc062723c751e8b465ee728b)
Start importing Assets/_Textures/Skybox123/skybox_front 1.psd using Guid(5247eccf4202e3c40bdaa5cb3e551383) Importer(815301076,1909f56bfc062723c751e8b465ee728b)  -> (artifact id: '73d60ffe3970892aaf5af094a9ea40c5') in 0.010322 seconds
Number of updated asset objects reloaded before import = 0
Number of asset objects unloaded after import = 2
========================================================================
Received Import Request.
  Time since last request: 26.836724 seconds.
  path: Assets/_Textures/Skybox123/skybox_front 1.psd
  artifactKey: Guid(5247eccf4202e3c40bdaa5cb3e551383) Importer(815301076,1909f56bfc062723c751e8b465ee728b)
Start importing Assets/_Textures/Skybox123/skybox_front 1.psd using Guid(5247eccf4202e3c40bdaa5cb3e551383) Importer(815301076,1909f56bfc062723c751e8b465ee728b)  -> (artifact id: 'eae9c474baad26caa20fd2fce9c1416c') in 0.012613 seconds
Number of updated asset objects reloaded before import = 0
Number of asset objects unloaded after import = 3
========================================================================
Received Import Request.
  Time since last request: 12.972047 seconds.
  path: Assets/Cope! Free Skybox Pack/tiff/pics/skybox_front 1 - Copy.psd
  artifactKey: Guid(5247eccf4202e3c40bdaa5cb3e551383) Importer(815301076,1909f56bfc062723c751e8b465ee728b)
Start importing Assets/Cope! Free Skybox Pack/tiff/pics/skybox_front 1 - Copy.psd using Guid(5247eccf4202e3c40bdaa5cb3e551383) Importer(815301076,1909f56bfc062723c751e8b465ee728b)  -> (artifact id: '9a821325e23111962d4da53429db4857') in 0.011494 seconds
Number of updated asset objects reloaded before import = 0
Number of asset objects unloaded after import = 3
========================================================================
Received Import Request.
  Time since last request: 62.399889 seconds.
  path: Assets/_Prefabs/DragonMountain.prefab
  artifactKey: Guid(43c9fa22f6a73bc45a31f9f1716eb7f6) Importer(815301076,1909f56bfc062723c751e8b465ee728b)
Start importing Assets/_Prefabs/DragonMountain.prefab using Guid(43c9fa22f6a73bc45a31f9f1716eb7f6) Importer(815301076,1909f56bfc062723c751e8b465ee728b)  -> (artifact id: 'efb9a495309433fcf6e5f0b68deb4b97') in 0.023774 seconds
Number of updated asset objects reloaded before import = 0
Number of asset objects unloaded after import = 12
========================================================================
Received Import Request.
  Time since last request: 129.106638 seconds.
  path: Assets/Cope! Free Skybox Pack/tiff/pics/Free_skybox.mat
  artifactKey: Guid(4468cf691a0d9e74183ca9beb3c7c990) Importer(815301076,1909f56bfc062723c751e8b465ee728b)
Start importing Assets/Cope! Free Skybox Pack/tiff/pics/Free_skybox.mat using Guid(4468cf691a0d9e74183ca9beb3c7c990) Importer(815301076,1909f56bfc062723c751e8b465ee728b)  -> (artifact id: 'df3c46a7e58c6798d4a20841abcf6560') in 0.012647 seconds
Number of updated asset objects reloaded before import = 0
Number of asset objects unloaded after import = 7
========================================================================
Received Import Request.
  Time since last request: 65.945081 seconds.
  path: Assets/_Materials/Free_Mountain.mat
  artifactKey: Guid(5973ab68ded66ee48b3a47063424e995) Importer(815301076,1909f56bfc062723c751e8b465ee728b)
Start importing Assets/_Materials/Free_Mountain.mat using Guid(5973ab68ded66ee48b3a47063424e995) Importer(815301076,1909f56bfc062723c751e8b465ee728b)  -> (artifact id: '62a5505e7ec510f6e752be4d3c22a014') in 0.012618 seconds
Number of updated asset objects reloaded before import = 0
Number of asset objects unloaded after import = 3
========================================================================
Received Import Request.
  Time since last request: 162.170013 seconds.
  path: Assets/Cope! Free Skybox Pack/tiff/pics/Free_skybox.mat
  artifactKey: Guid(4468cf691a0d9e74183ca9beb3c7c990) Importer(815301076,1909f56bfc062723c751e8b465ee728b)
Start importing Assets/Cope! Free Skybox Pack/tiff/pics/Free_skybox.mat using Guid(4468cf691a0d9e74183ca9beb3c7c990) Importer(815301076,1909f56bfc062723c751e8b465ee728b)  -> (artifact id: '8d6bb8004ae92e354759cf91606f6c30') in 0.015520 seconds
Number of updated asset objects reloaded before import = 0
Number of asset objects unloaded after import = 7
========================================================================
Received Import Request.
  Time since last request: 10.792317 seconds.
  path: Assets/_Materials/Free_Mountain.mat
  artifactKey: Guid(5973ab68ded66ee48b3a47063424e995) Importer(815301076,1909f56bfc062723c751e8b465ee728b)
Start importing Assets/_Materials/Free_Mountain.mat using Guid(5973ab68ded66ee48b3a47063424e995) Importer(815301076,1909f56bfc062723c751e8b465ee728b)  -> (artifact id: 'c42863453833097d2808ec294f1b9af8') in 0.013273 seconds
Number of updated asset objects reloaded before import = 0
Number of asset objects unloaded after import = 3
========================================================================
Received Import Request.
  Time since last request: 82.141228 seconds.
  path: Assets/Cope! Free Skybox Pack/materials/skybox.mat
  artifactKey: Guid(0ff3aa777f2ccae4dbada9366130d56b) Importer(815301076,1909f56bfc062723c751e8b465ee728b)
Start importing Assets/Cope! Free Skybox Pack/materials/skybox.mat using Guid(0ff3aa777f2ccae4dbada9366130d56b) Importer(815301076,1909f56bfc062723c751e8b465ee728b)  -> (artifact id: '84af0a92f9f611cfd126b3fd0624bd1c') in 0.012451 seconds
Number of updated asset objects reloaded before import = 0
Number of asset objects unloaded after import = 7
========================================================================
Received Import Request.
  Time since last request: 33.119393 seconds.
  path: Assets/Cope! Free Skybox Pack/materials/new_skybox.mat
  artifactKey: Guid(1f6f221a3003139408aaffda0d4acae7) Importer(815301076,1909f56bfc062723c751e8b465ee728b)
Start importing Assets/Cope! Free Skybox Pack/materials/new_skybox.mat using Guid(1f6f221a3003139408aaffda0d4acae7) Importer(815301076,1909f56bfc062723c751e8b465ee728b)  -> (artifact id: '4db2c683d7c59bb468217a75dd90ebf5') in 0.011994 seconds
Number of updated asset objects reloaded before import = 0
Number of asset objects unloaded after import = 7
========================================================================
Received Import Request.
  Time since last request: 134.091002 seconds.
  path: Assets/_Textures/Skybox123/1skybox_back.psd
  artifactKey: Guid(09485c71d5564f24f92d4244bc27b5fc) Importer(815301076,1909f56bfc062723c751e8b465ee728b)
Start importing Assets/_Textures/Skybox123/1skybox_back.psd using Guid(09485c71d5564f24f92d4244bc27b5fc) Importer(815301076,1909f56bfc062723c751e8b465ee728b)  -> (artifact id: '5d96b18797258ab837bca33588386a50') in 0.012140 seconds
Number of updated asset objects reloaded before import = 0
Number of asset objects unloaded after import = 2
========================================================================
Received Import Request.
  Time since last request: 2.811363 seconds.
  path: Assets/_Textures/Skybox123/1skybox_down.psd
  artifactKey: Guid(1b733cade4c3ad644b02226637e1cd09) Importer(815301076,1909f56bfc062723c751e8b465ee728b)
Start importing Assets/_Textures/Skybox123/1skybox_down.psd using Guid(1b733cade4c3ad644b02226637e1cd09) Importer(815301076,1909f56bfc062723c751e8b465ee728b)  -> (artifact id: '639e99552b050e4c1086211a20c38c5e') in 0.004342 seconds
Number of updated asset objects reloaded before import = 0
Number of asset objects unloaded after import = 2
========================================================================
Received Import Request.
  Time since last request: 3.405397 seconds.
  path: Assets/_Textures/Skybox123/1skybox_front.psd
  artifactKey: Guid(e816a17296a9d184ebfff0f3b41205ef) Importer(815301076,1909f56bfc062723c751e8b465ee728b)
Start importing Assets/_Textures/Skybox123/1skybox_front.psd using Guid(e816a17296a9d184ebfff0f3b41205ef) Importer(815301076,1909f56bfc062723c751e8b465ee728b)  -> (artifact id: 'b1c3a9676c8e46872577199d3626e77e') in 0.009578 seconds
Number of updated asset objects reloaded before import = 0
Number of asset objects unloaded after import = 2
========================================================================
Received Import Request.
  Time since last request: 3.293934 seconds.
  path: Assets/_Textures/Skybox123/1skybox_left.psd
  artifactKey: Guid(f6f3a44b2b12e9a45bc02ff2350c2873) Importer(815301076,1909f56bfc062723c751e8b465ee728b)
Start importing Assets/_Textures/Skybox123/1skybox_left.psd using Guid(f6f3a44b2b12e9a45bc02ff2350c2873) Importer(815301076,1909f56bfc062723c751e8b465ee728b)  -> (artifact id: 'fbeb3f095b766690e3a995654cfd3445') in 0.009370 seconds
Number of updated asset objects reloaded before import = 0
Number of asset objects unloaded after import = 2
========================================================================
Received Import Request.
  Time since last request: 2.494858 seconds.
  path: Assets/_Textures/Skybox123/1skybox_right.psd
  artifactKey: Guid(76cfeb5d9a2650144902a599ec509800) Importer(815301076,1909f56bfc062723c751e8b465ee728b)
Start importing Assets/_Textures/Skybox123/1skybox_right.psd using Guid(76cfeb5d9a2650144902a599ec509800) Importer(815301076,1909f56bfc062723c751e8b465ee728b)  -> (artifact id: '429d8b7575478415caa21d1c74cf18cf') in 0.010010 seconds
Number of updated asset objects reloaded before import = 0
Number of asset objects unloaded after import = 2
========================================================================
Received Import Request.
  Time since last request: 2.664620 seconds.
  path: Assets/_Textures/Skybox123/1skybox_up.psd
  artifactKey: Guid(a6202455a7a564340b2dd1deb92aaa75) Importer(815301076,1909f56bfc062723c751e8b465ee728b)
Start importing Assets/_Textures/Skybox123/1skybox_up.psd using Guid(a6202455a7a564340b2dd1deb92aaa75) Importer(815301076,1909f56bfc062723c751e8b465ee728b)  -> (artifact id: '642c70ad053eea6256f6833cb151e1ce') in 0.011481 seconds
Number of updated asset objects reloaded before import = 0
Number of asset objects unloaded after import = 2
========================================================================
Received Import Request.
  Time since last request: 35.069794 seconds.
  path: Assets/_Materials/Free_Mountain.mat
  artifactKey: Guid(5973ab68ded66ee48b3a47063424e995) Importer(815301076,1909f56bfc062723c751e8b465ee728b)
Start importing Assets/_Materials/Free_Mountain.mat using Guid(5973ab68ded66ee48b3a47063424e995) Importer(815301076,1909f56bfc062723c751e8b465ee728b)  -> (artifact id: '7ce0a9b2271be911f19d208482ce8bc5') in 0.014178 seconds
Number of updated asset objects reloaded before import = 0
Number of asset objects unloaded after import = 3
========================================================================
Received Import Request.
  Time since last request: 17.632313 seconds.
  path: Assets/Cope! Free Skybox Pack/materials/skybox.mat
  artifactKey: Guid(0ff3aa777f2ccae4dbada9366130d56b) Importer(815301076,1909f56bfc062723c751e8b465ee728b)
Start importing Assets/Cope! Free Skybox Pack/materials/skybox.mat using Guid(0ff3aa777f2ccae4dbada9366130d56b) Importer(815301076,1909f56bfc062723c751e8b465ee728b)  -> (artifact id: '43c1b2efc27592dbf95a39ae5b4804c7') in 0.012422 seconds
Number of updated asset objects reloaded before import = 0
Number of asset objects unloaded after import = 7
========================================================================
Received Import Request.
  Time since last request: 3.900620 seconds.
  path: Assets/Cope! Free Skybox Pack/materials/1skybox.mat
  artifactKey: Guid(0ff3aa777f2ccae4dbada9366130d56b) Importer(815301076,1909f56bfc062723c751e8b465ee728b)
Start importing Assets/Cope! Free Skybox Pack/materials/1skybox.mat using Guid(0ff3aa777f2ccae4dbada9366130d56b) Importer(815301076,1909f56bfc062723c751e8b465ee728b)  -> (artifact id: '1c24c1df436adcfd78e9a34c7ce5633d') in 0.012751 seconds
Number of updated asset objects reloaded before import = 0
Number of asset objects unloaded after import = 7
========================================================================
Received Import Request.
  Time since last request: 92.652761 seconds.
  path: Assets/_Prefabs/DragonMountain.prefab
  artifactKey: Guid(43c9fa22f6a73bc45a31f9f1716eb7f6) Importer(815301076,1909f56bfc062723c751e8b465ee728b)
Start importing Assets/_Prefabs/DragonMountain.prefab using Guid(43c9fa22f6a73bc45a31f9f1716eb7f6) Importer(815301076,1909f56bfc062723c751e8b465ee728b)  -> (artifact id: '41766eb001158ec122a545f581b7d2ec') in 0.018226 seconds
Number of updated asset objects reloaded before import = 0
Number of asset objects unloaded after import = 12
========================================================================
Received Import Request.
  Time since last request: 0.000012 seconds.
  path: Assets/_Prefabs/Free_Mountain.prefab
  artifactKey: Guid(97978387d041db2429e6dabd7b1c4f8f) Importer(815301076,1909f56bfc062723c751e8b465ee728b)
Start importing Assets/_Prefabs/Free_Mountain.prefab using Guid(97978387d041db2429e6dabd7b1c4f8f) Importer(815301076,1909f56bfc062723c751e8b465ee728b)  -> (artifact id: 'b5a8528412e1ba7619f425aa17632290') in 0.009053 seconds
Number of updated asset objects reloaded before import = 0
Number of asset objects unloaded after import = 10
========================================================================
Received Import Request.
  Time since last request: 97.947278 seconds.
  path: Assets/Snow_mountain/Skybox/skybox.mat
  artifactKey: Guid(5cd835837cda943459f9bf75dadc5616) Importer(815301076,1909f56bfc062723c751e8b465ee728b)
Start importing Assets/Snow_mountain/Skybox/skybox.mat using Guid(5cd835837cda943459f9bf75dadc5616) Importer(815301076,1909f56bfc062723c751e8b465ee728b)  -> (artifact id: 'b67f7d17f7e0779eceb692c41138a413') in 0.014521 seconds
Number of updated asset objects reloaded before import = 0
Number of asset objects unloaded after import = 7
========================================================================
Received Import Request.
  Time since last request: 0.000015 seconds.
  path: Assets/Snow_mountain/Skybox/skybox_down.psd
  artifactKey: Guid(da103b4f4102f0244a695cfe6bcb4d7c) Importer(815301076,1909f56bfc062723c751e8b465ee728b)
Start importing Assets/Snow_mountain/Skybox/skybox_down.psd using Guid(da103b4f4102f0244a695cfe6bcb4d7c) Importer(815301076,1909f56bfc062723c751e8b465ee728b)  -> (artifact id: '720d76da2fee93b74a2ba46d8abff87c') in 0.004374 seconds
Number of updated asset objects reloaded before import = 0
Number of asset objects unloaded after import = 2
========================================================================
Received Import Request.
  Time since last request: 0.000014 seconds.
  path: Assets/Snow_mountain/Skybox/skybox_left.psd
  artifactKey: Guid(7cdd0a46ee1c98242be18bf34d37726a) Importer(815301076,1909f56bfc062723c751e8b465ee728b)
Start importing Assets/Snow_mountain/Skybox/skybox_left.psd using Guid(7cdd0a46ee1c98242be18bf34d37726a) Importer(815301076,1909f56bfc062723c751e8b465ee728b)  -> (artifact id: '202aad31d6be5ef0fa5bbb6a32c9a530') in 0.009785 seconds
Number of updated asset objects reloaded before import = 0
Number of asset objects unloaded after import = 2
========================================================================
Received Import Request.
  Time since last request: 0.000022 seconds.
  path: Assets/Snow_mountain/Skybox/skybox_right.psd
  artifactKey: Guid(883d924cba890524ebcbaf5be027162d) Importer(815301076,1909f56bfc062723c751e8b465ee728b)
Start importing Assets/Snow_mountain/Skybox/skybox_right.psd using Guid(883d924cba890524ebcbaf5be027162d) Importer(815301076,1909f56bfc062723c751e8b465ee728b)  -> (artifact id: 'f4889b4481bba603084ff63ae232e22f') in 0.008355 seconds
Number of updated asset objects reloaded before import = 0
Number of asset objects unloaded after import = 2
Editor requested this worker to shutdown with reason: Scaling down because of idle timeout
TcpMessagingSession - receive error: operation aborted. errorcode: 995, details:  /   -       .
AssetImportWorker is now disconnected from the server
Process exiting
Exiting without the bug reporter. Application will terminate with return code 0